"maps\dod_grandcanal.bsp"
"maps\graphs\dod_grandcanal.ain"
"maps/dod_grandcanal.res"
"materials/overviews/dod_grandcanal.vmt"
"materials/overviews/dod_grandcanal.vtf"
"resource/maphtml/dod_grandcanal_english.html"
"materials/mapdesc/dod_grandcanal.jpg"
"models/models_kit/doublebed.dx80.vtx"
"models/models_kit/doublebed.dx90.vtx"
"models/models_kit/doublebed.vvd"
"models/models_kit/doublebed.sw.vtx"
"models/models_kit/doublebed.phy"
"models/models_kit/doublebed.mdl"
"models/models_kit/doublebed.xbox.vtx"
"materials/models/models_kit/doublebed.vmt"
"materials/models/models_kit/doublebed.vtf"
"materials/models/models_kit/doublebed_norm.vtf"
"materials/models/models_kit/doublebed_skin2.vmt"
"materials/models/models_kit/doublebed_skin2.vtf"
"materials/decals/decalmetalgrate025a.vmt"
"materials/decals/decalmetalgrate025a.vtf"
"models/models_kit/cushion.dx80.vtx"
"models/models_kit/cushion.dx90.vtx"
"models/models_kit/cushion.vvd"
"models/models_kit/cushion.sw.vtx"
"models/models_kit/cushion.phy"
"models/models_kit/cushion.mdl"
"models/models_kit/cushion.xbox.vtx"
"materials/models/models_kit/cushion.vmt"
"materials/models/models_kit/cushion.vtf"
"materials/models/models_kit/cushion_skin2.vmt"
"materials/models/models_kit/cushion_skin2.vtf"
"materials/models/models_kit/cushion_skin3.vmt"
"materials/models/models_kit/cushion_skin3.vtf"
"materials/models/models_kit/cushion_skin4.vmt"
"materials/models/models_kit/cushion_skin4.vtf"
"materials/models/models_kit/cushion_skin5.vmt"
"materials/models/models_kit/cushion_skin5.vtf"
"materials/models/models_kit/cushion_skin6.vmt"
"materials/models/models_kit/cushion_skin6.vtf"
"models/fishy/furniture/table_64.dx80.vtx"
"models/fishy/furniture/table_64.dx90.vtx"
"models/fishy/furniture/table_64.vvd"
"models/fishy/furniture/table_64.sw.vtx"
"models/fishy/furniture/table_64.phy"
"models/fishy/furniture/table_64.mdl"
"models/props_foliage/vine_wall1.vvd"
"models/props_foliage/vine_wall1.dx80.vtx"
"models/props_foliage/vine_wall1.dx90.vtx"
"models/props_foliage/vine_wall1.sw.vtx"
"models/props_foliage/vine_wall1.mdl"
"models/props_windows/ped_curtains_closed_v1.dx80.vtx"
"models/props_windows/ped_curtains_closed_v1.dx90.vtx"
"models/props_windows/ped_curtains_closed_v1.vvd"
"models/props_windows/ped_curtains_closed_v1.sw.vtx"
"models/props_windows/ped_curtains_closed_v1.phy"
"models/props_windows/ped_curtains_closed_v1.mdl"
"models/props_windows/ped_curtains_closed_v1.xbox.vtx"
"models/props_windows/ped_curtains_halfclosed_v1.dx80.vtx"
"models/props_windows/ped_curtains_halfclosed_v1.dx90.vtx"
"models/props_windows/ped_curtains_halfclosed_v1.vvd"
"models/props_windows/ped_curtains_halfclosed_v1.sw.vtx"
"models/props_windows/ped_curtains_halfclosed_v1.phy"
"models/props_windows/ped_curtains_halfclosed_v1.mdl"
"models/props_windows/ped_curtains_halfclosed_v1.xbox.vtx"
"models/props_windows/ped_curtains_open_v1.dx80.vtx"
"models/props_windows/ped_curtains_open_v1.dx90.vtx"
"models/props_windows/ped_curtains_open_v1.vvd"
"models/props_windows/ped_curtains_open_v1.sw.vtx"
"models/props_windows/ped_curtains_open_v1.phy"
"models/props_windows/ped_curtains_open_v1.mdl"
"models/props_windows/ped_curtains_open_v1.xbox.vtx"
"models/props_windows/ped_curtains_short_v1.dx80.vtx"
"models/props_windows/ped_curtains_short_v1.dx90.vtx"
"models/props_windows/ped_curtains_short_v1.vvd"
"models/props_windows/ped_curtains_short_v1.sw.vtx"
"models/props_windows/ped_curtains_short_v1.phy"
"models/props_windows/ped_curtains_short_v1.mdl"
"models/props_windows/ped_curtains_short_v1.xbox.vtx"
"materials/models/props_windows/curtains_metal_v1_bronce.vmt"
"materials/models/props_windows/curtains_metal_v1_bronce.vtf"
"materials/models/props_windows/curtains_metal_v1_silver.vmt"
"materials/models/props_windows/curtains_metal_v1_silver.vtf"
"materials/models/props_windows/curtains_v1_blueflowers.vmt"
"materials/models/props_windows/curtains_v1_blueflowers.vtf"
"materials/models/props_windows/curtains_v1_brownflowers.vmt"
"materials/models/props_windows/curtains_v1_brownflowers.vtf"
"materials/models/props_windows/curtains_v1_plainbeige.vmt"
"materials/models/props_windows/curtains_v1_plainbeige.vtf"
"materials/models/props_windows/curtains_v1_plainblue.vmt"
"materials/models/props_windows/curtains_v1_plainblue.vtf"
"materials/models/props_windows/curtains_v1_plainwhite.vmt"
"materials/models/props_windows/curtains_v1_plainwhite.vtf"
"materials/models/props_windows/curtains_v1_redflowers.vmt"
"materials/models/props_windows/curtains_v1_redflowers.vtf"
"models/ukulele/props_misc/fountain.dx80.vtx"
"models/ukulele/props_misc/fountain.dx90.vtx"
"models/ukulele/props_misc/fountain.vvd"
"models/ukulele/props_misc/fountain.sw.vtx"
"models/ukulele/props_misc/fountain.phy"
"models/ukulele/props_misc/fountain.mdl"
"materials/models/ukulele/props_misc/fountain.vmt"
"materials/models/ukulele/props_misc/fountain.vtf"
"materials/models/ukulele/props_misc/fountain_snow.vmt"
"materials/models/ukulele/props_misc/fountain_snow.vtf"
"models/props_crates/goldcrate_bar01.dx80.vtx"
"models/props_crates/goldcrate_bar01.dx90.vtx"
"models/props_crates/goldcrate_bar01.vvd"
"models/props_crates/goldcrate_bar01.sw.vtx"
"models/props_crates/goldcrate_bar01.phy"
"models/props_crates/goldcrate_bar01.mdl"
"models/props_crates/goldcrate_overthrown01.dx80.vtx"
"models/props_crates/goldcrate_overthrown01.dx90.vtx"
"models/props_crates/goldcrate_overthrown01.vvd"
"models/props_crates/goldcrate_overthrown01.sw.vtx"
"models/props_crates/goldcrate_overthrown01.phy"
"models/props_crates/goldcrate_overthrown01.mdl"
"models/props_crates/goldcrate_standing01.dx80.vtx"
"models/props_crates/goldcrate_standing01.dx90.vtx"
"models/props_crates/goldcrate_standing01.vvd"
"models/props_crates/goldcrate_standing01.sw.vtx"
"models/props_crates/goldcrate_standing01.phy"
"models/props_crates/goldcrate_standing01.mdl"
"materials/models/props_crates/goldcrates_v1.vmt"
"materials/models/props_crates/goldcrates_v1.vtf"
"models/surgeon/hotelpost2.dx80.vtx"
"models/surgeon/hotelpost2.dx90.vtx"
"models/surgeon/hotelpost2.vvd"
"models/surgeon/hotelpost2.sw.vtx"
"models/surgeon/hotelpost2.phy"
"models/surgeon/hotelpost2.mdl"
"materials/models/surgeon/hotelposts.vmt"
"materials/models/surgeon/hotelposts.vtf"
"models/de_corse/candle.dx80.vtx"
"models/de_corse/candle.dx90.vtx"
"models/de_corse/candle.vvd"
"models/de_corse/candle.sw.vtx"
"models/de_corse/candle.phy"
"models/de_corse/candle.mdl"
"materials/models/de_corse/altar.vmt"
"materials/models/de_corse/altar.vtf"
"particles/candle.pcf"
"particles/dca.pcf"
"particles/particles.pcf"
"particles/particles_manifest.txt"
"materials/particle/particledefault.vmt"
"materials/sprites/glow.vmt"
"materials/surgeon/ALLIEDBANNER.vmt"
"materials/surgeon/ALLIEDBANNER.vtf"
"materials/fachwerk1/DECAL_ALBA12.vmt"
"materials/fachwerk1/DECAL_ALBA12.vtf"
"materials/skybox/grimmnightbk.vmt"
"materials/skybox/grimmnightbk.vtf"
"materials/skybox/grimmnightdn.vmt"
"materials/skybox/grimmnightdn.vtf"
"materials/skybox/grimmnightft.vmt"
"materials/skybox/grimmnightft.vtf"
"materials/skybox/grimmnightlf.vmt"
"materials/skybox/grimmnightlf.vtf"
"materials/skybox/grimmnightrt.vmt"
"materials/skybox/grimmnightrt.vtf"
"materials/skybox/grimmnightup.vmt"
"materials/skybox/grimmnightup.vtf"
"sound/dmbad/dog1.wav"
"sound/momo/1930.wav"
"sound/momo/note_piano1.wav"
"sound/momo/note_piano2.wav"
"sound/momo/note_piano3.wav"
"sound/momo/note_piano4.wav"
